Performing C SOURCE FILE Test CMAKE_HAVE_LIBC_PTHREAD failed with the following output:
Change Dir: /home/walid/OpenCL-parallel-programming/conway-game/build/CMakeFiles/CMakeTmp

Run Build Command(s):/usr/bin/make cmTC_dc889/fast && /usr/bin/make -f CMakeFiles/cmTC_dc889.dir/build.make CMakeFiles/cmTC_dc889.dir/build
make[1]: Entering directory '/home/walid/OpenCL-parallel-programming/conway-game/build/CMakeFiles/CMakeTmp'
Building C object CMakeFiles/cmTC_dc889.dir/src.c.o
/usr/bin/cc   -DCMAKE_HAVE_LIBC_PTHREAD   -o CMakeFiles/cmTC_dc889.dir/src.c.o   -c /home/walid/OpenCL-parallel-programming/conway-game/build/CMakeFiles/CMakeTmp/src.c
Linking C executable cmTC_dc889
/usr/bin/cmake -E cmake_link_script CMakeFiles/cmTC_dc889.dir/link.txt --verbose=1
/usr/bin/cc  -DCMAKE_HAVE_LIBC_PTHREAD    -rdynamic CMakeFiles/cmTC_dc889.dir/src.c.o  -o cmTC_dc889 
/usr/bin/ld: CMakeFiles/cmTC_dc889.dir/src.c.o: in function `main':
src.c:(.text+0x46): undefined reference to `pthread_create'
/usr/bin/ld: src.c:(.text+0x52): undefined reference to `pthread_detach'
/usr/bin/ld: src.c:(.text+0x63): undefined reference to `pthread_join'
collect2: error: ld returned 1 exit status
make[1]: *** [CMakeFiles/cmTC_dc889.dir/build.make:87: cmTC_dc889] Error 1
make[1]: Leaving directory '/home/walid/OpenCL-parallel-programming/conway-game/build/CMakeFiles/CMakeTmp'
make: *** [Makefile:121: cmTC_dc889/fast] Error 2


Source file was:
#include <pthread.h>

void* test_func(void* data)
{
  return data;
}

int main(void)
{
  pthread_t thread;
  pthread_create(&thread, NULL, test_func, NULL);
  pthread_detach(thread);
  pthread_join(thread, NULL);
  pthread_atfork(NULL, NULL, NULL);
  pthread_exit(NULL);

  return 0;
}

Determining if the function pthread_create exists in the pthreads failed with the following output:
Change Dir: /home/walid/OpenCL-parallel-programming/conway-game/build/CMakeFiles/CMakeTmp

Run Build Command(s):/usr/bin/make cmTC_41e00/fast && /usr/bin/make -f CMakeFiles/cmTC_41e00.dir/build.make CMakeFiles/cmTC_41e00.dir/build
make[1]: Entering directory '/home/walid/OpenCL-parallel-programming/conway-game/build/CMakeFiles/CMakeTmp'
Building C object CMakeFiles/cmTC_41e00.dir/CheckFunctionExists.c.o
/usr/bin/cc   -DCHECK_FUNCTION_EXISTS=pthread_create   -o CMakeFiles/cmTC_41e00.dir/CheckFunctionExists.c.o   -c /usr/share/cmake-3.16/Modules/CheckFunctionExists.c
Linking C executable cmTC_41e00
/usr/bin/cmake -E cmake_link_script CMakeFiles/cmTC_41e00.dir/link.txt --verbose=1
/usr/bin/cc  -DCHECK_FUNCTION_EXISTS=pthread_create    -rdynamic CMakeFiles/cmTC_41e00.dir/CheckFunctionExists.c.o  -o cmTC_41e00  -lpthreads 
/usr/bin/ld: cannot find -lpthreads
collect2: error: ld returned 1 exit status
make[1]: *** [CMakeFiles/cmTC_41e00.dir/build.make:87: cmTC_41e00] Error 1
make[1]: Leaving directory '/home/walid/OpenCL-parallel-programming/conway-game/build/CMakeFiles/CMakeTmp'
make: *** [Makefile:121: cmTC_41e00/fast] Error 2



Determining if the function __secure_getenv exists failed with the following output:
Change Dir: /home/walid/OpenCL-parallel-programming/conway-game/build/CMakeFiles/CMakeTmp

Run Build Command(s):/usr/bin/make cmTC_1e13d/fast && /usr/bin/make -f CMakeFiles/cmTC_1e13d.dir/build.make CMakeFiles/cmTC_1e13d.dir/build
make[1]: Entering directory '/home/walid/OpenCL-parallel-programming/conway-game/build/CMakeFiles/CMakeTmp'
Building C object CMakeFiles/cmTC_1e13d.dir/CheckFunctionExists.c.o
/usr/bin/cc   -DCHECK_FUNCTION_EXISTS=__secure_getenv   -o CMakeFiles/cmTC_1e13d.dir/CheckFunctionExists.c.o   -c /usr/share/cmake-3.16/Modules/CheckFunctionExists.c
Linking C executable cmTC_1e13d
/usr/bin/cmake -E cmake_link_script CMakeFiles/cmTC_1e13d.dir/link.txt --verbose=1
/usr/bin/cc  -DCHECK_FUNCTION_EXISTS=__secure_getenv    -rdynamic CMakeFiles/cmTC_1e13d.dir/CheckFunctionExists.c.o  -o cmTC_1e13d 
/usr/bin/ld: CMakeFiles/cmTC_1e13d.dir/CheckFunctionExists.c.o: in function `main':
CheckFunctionExists.c:(.text+0x14): undefined reference to `__secure_getenv'
collect2: error: ld returned 1 exit status
make[1]: *** [CMakeFiles/cmTC_1e13d.dir/build.make:87: cmTC_1e13d] Error 1
make[1]: Leaving directory '/home/walid/OpenCL-parallel-programming/conway-game/build/CMakeFiles/CMakeTmp'
make: *** [Makefile:121: cmTC_1e13d/fast] Error 2



