Performing C SOURCE FILE Test CMAKE_HAVE_LIBC_PTHREAD failed with the following output:
Change Dir: /home/walid/OpenCL-parallel-programming/closet-pair-of-points/build/CMakeFiles/CMakeTmp

Run Build Command(s):/usr/bin/make cmTC_32daa/fast && /usr/bin/make -f CMakeFiles/cmTC_32daa.dir/build.make CMakeFiles/cmTC_32daa.dir/build
make[1]: Entering directory '/home/walid/OpenCL-parallel-programming/closet-pair-of-points/build/CMakeFiles/CMakeTmp'
Building C object CMakeFiles/cmTC_32daa.dir/src.c.o
/usr/bin/cc   -DCMAKE_HAVE_LIBC_PTHREAD   -o CMakeFiles/cmTC_32daa.dir/src.c.o   -c /home/walid/OpenCL-parallel-programming/closet-pair-of-points/build/CMakeFiles/CMakeTmp/src.c
Linking C executable cmTC_32daa
/usr/bin/cmake -E cmake_link_script CMakeFiles/cmTC_32daa.dir/link.txt --verbose=1
/usr/bin/cc  -DCMAKE_HAVE_LIBC_PTHREAD    -rdynamic CMakeFiles/cmTC_32daa.dir/src.c.o  -o cmTC_32daa 
/usr/bin/ld: CMakeFiles/cmTC_32daa.dir/src.c.o: in function `main':
src.c:(.text+0x46): undefined reference to `pthread_create'
/usr/bin/ld: src.c:(.text+0x52): undefined reference to `pthread_detach'
/usr/bin/ld: src.c:(.text+0x63): undefined reference to `pthread_join'
collect2: error: ld returned 1 exit status
make[1]: *** [CMakeFiles/cmTC_32daa.dir/build.make:87: cmTC_32daa] Error 1
make[1]: Leaving directory '/home/walid/OpenCL-parallel-programming/closet-pair-of-points/build/CMakeFiles/CMakeTmp'
make: *** [Makefile:121: cmTC_32daa/fast] Error 2


Source file was:
#include <pthread.h>

void* test_func(void* data)
{
  return data;
}

int main(void)
{
  pthread_t thread;
  pthread_create(&thread, NULL, test_func, NULL);
  pthread_detach(thread);
  pthread_join(thread, NULL);
  pthread_atfork(NULL, NULL, NULL);
  pthread_exit(NULL);

  return 0;
}

Determining if the function pthread_create exists in the pthreads failed with the following output:
Change Dir: /home/walid/OpenCL-parallel-programming/closet-pair-of-points/build/CMakeFiles/CMakeTmp

Run Build Command(s):/usr/bin/make cmTC_594bc/fast && /usr/bin/make -f CMakeFiles/cmTC_594bc.dir/build.make CMakeFiles/cmTC_594bc.dir/build
make[1]: Entering directory '/home/walid/OpenCL-parallel-programming/closet-pair-of-points/build/CMakeFiles/CMakeTmp'
Building C object CMakeFiles/cmTC_594bc.dir/CheckFunctionExists.c.o
/usr/bin/cc   -DCHECK_FUNCTION_EXISTS=pthread_create   -o CMakeFiles/cmTC_594bc.dir/CheckFunctionExists.c.o   -c /usr/share/cmake-3.16/Modules/CheckFunctionExists.c
Linking C executable cmTC_594bc
/usr/bin/cmake -E cmake_link_script CMakeFiles/cmTC_594bc.dir/link.txt --verbose=1
/usr/bin/cc  -DCHECK_FUNCTION_EXISTS=pthread_create    -rdynamic CMakeFiles/cmTC_594bc.dir/CheckFunctionExists.c.o  -o cmTC_594bc  -lpthreads 
/usr/bin/ld: cannot find -lpthreads
collect2: error: ld returned 1 exit status
make[1]: *** [CMakeFiles/cmTC_594bc.dir/build.make:87: cmTC_594bc] Error 1
make[1]: Leaving directory '/home/walid/OpenCL-parallel-programming/closet-pair-of-points/build/CMakeFiles/CMakeTmp'
make: *** [Makefile:121: cmTC_594bc/fast] Error 2



Determining if the function __secure_getenv exists failed with the following output:
Change Dir: /home/walid/OpenCL-parallel-programming/closet-pair-of-points/build/CMakeFiles/CMakeTmp

Run Build Command(s):/usr/bin/make cmTC_160c8/fast && /usr/bin/make -f CMakeFiles/cmTC_160c8.dir/build.make CMakeFiles/cmTC_160c8.dir/build
make[1]: Entering directory '/home/walid/OpenCL-parallel-programming/closet-pair-of-points/build/CMakeFiles/CMakeTmp'
Building C object CMakeFiles/cmTC_160c8.dir/CheckFunctionExists.c.o
/usr/bin/cc   -DCHECK_FUNCTION_EXISTS=__secure_getenv   -o CMakeFiles/cmTC_160c8.dir/CheckFunctionExists.c.o   -c /usr/share/cmake-3.16/Modules/CheckFunctionExists.c
Linking C executable cmTC_160c8
/usr/bin/cmake -E cmake_link_script CMakeFiles/cmTC_160c8.dir/link.txt --verbose=1
/usr/bin/cc  -DCHECK_FUNCTION_EXISTS=__secure_getenv    -rdynamic CMakeFiles/cmTC_160c8.dir/CheckFunctionExists.c.o  -o cmTC_160c8 
/usr/bin/ld: CMakeFiles/cmTC_160c8.dir/CheckFunctionExists.c.o: in function `main':
CheckFunctionExists.c:(.text+0x14): undefined reference to `__secure_getenv'
collect2: error: ld returned 1 exit status
make[1]: *** [CMakeFiles/cmTC_160c8.dir/build.make:87: cmTC_160c8] Error 1
make[1]: Leaving directory '/home/walid/OpenCL-parallel-programming/closet-pair-of-points/build/CMakeFiles/CMakeTmp'
make: *** [Makefile:121: cmTC_160c8/fast] Error 2



